生成启动时间为 2016/11/8 18:14:14。
     1>项目“C:\Users\compute\Desktop\zhangfan\毕业设计实验程序\CUDA_MPC_3D_decisionQ_changeVcast\First_cuda_gp\First_cuda_gp.vcxproj”在节点 2 上(Build 个目标)。
     1>C:\Program Files (x86)\MSBuild\Microsoft.Cpp\v4.0\V140\Microsoft.CppBuild.targets(392,5): warning MSB8028: The intermediate directory (Release\) contains files shared from another project (Cuda_GPU_Solver2DContinuousCasting.vcxproj, First_cuda_gp.vcxproj).  This can lead to incorrect clean and rebuild behavior.
     1>AddCudaCompileDeps:
         C:\Program Files (x86)\Microsoft Visual Studio 14.0\VC\bin\cl.exe /E /nologo /showIncludes /TP /D__CUDACC__ /DWIN32 /DNDEBUG /D_CONSOLE /D_MBCS /I"C:\Program Files\NVIDIA GPU Computing Toolkit\CUDA\v8.0\include" /I"C:\Program Files\NVIDIA GPU Computing Toolkit\CUDA\v8.0\bin" /I"C:\Program Files\NVIDIA GPU Computing Toolkit\CUDA\v8.0\include" /I. /FIcuda_runtime.h /c C:\Users\compute\Desktop\zhangfan\毕业设计实验程序\CUDA_MPC_3D_decisionQ_changeVcast\First_cuda_gp\kernel.cu 
     1>项目“C:\Users\compute\Desktop\zhangfan\毕业设计实验程序\CUDA_MPC_3D_decisionQ_changeVcast\First_cuda_gp\First_cuda_gp.vcxproj”(1)正在节点 2 上生成“C:\Users\compute\Desktop\zhangfan\毕业设计实验程序\CUDA_MPC_3D_decisionQ_changeVcast\First_cuda_gp\First_cuda_gp.vcxproj”(1:2) (CudaBuildCore 个目标)。
     1>CudaBuildCore:
         Compiling CUDA source file kernel.cu...
         cmd.exe /C "C:\Users\compute\AppData\Local\Temp\tmp333e6fe8627e4a20ac1af69e064b156e.cmd"
         "C:\Program Files\NVIDIA GPU Computing Toolkit\CUDA\v8.0\bin\nvcc.exe" -gencode=arch=compute_20,code=\"sm_20,compute_20\" --use-local-env --cl-version 2015 -ccbin "C:\Program Files (x86)\Microsoft Visual Studio 14.0\VC\bin"  -I"C:\Program Files\NVIDIA GPU Computing Toolkit\CUDA\v8.0\include" -I"C:\Program Files\NVIDIA GPU Computing Toolkit\CUDA\v8.0\include"     --keep-dir Release -maxrregcount=0  --machine 32 --compile -cudart static     -DWIN32 -DNDEBUG -D_CONSOLE -D_MBCS -Xcompiler "/EHsc /W3 /nologo /O2 /FS /Zi  /MD " -o Release\kernel.cu.obj "C:\Users\compute\Desktop\zhangfan\毕业设计实验程序\CUDA_MPC_3D_decisionQ_changeVcast\First_cuda_gp\kernel.cu"
         
         C:\Users\compute\Desktop\zhangfan\毕业设计实验程序\CUDA_MPC_3D_decisionQ_changeVcast\First_cuda_gp>"C:\Program Files\NVIDIA GPU Computing Toolkit\CUDA\v8.0\bin\nvcc.exe" -gencode=arch=compute_20,code=\"sm_20,compute_20\" --use-local-env --cl-version 2015 -ccbin "C:\Program Files (x86)\Microsoft Visual Studio 14.0\VC\bin"  -I"C:\Program Files\NVIDIA GPU Computing Toolkit\CUDA\v8.0\include" -I"C:\Program Files\NVIDIA GPU Computing Toolkit\CUDA\v8.0\include"     --keep-dir Release -maxrregcount=0  --machine 32 --compile -cudart static     -DWIN32 -DNDEBUG -D_CONSOLE -D_MBCS -Xcompiler "/EHsc /W3 /nologo /O2 /FS /Zi  /MD " -o Release\kernel.cu.obj "C:\Users\compute\Desktop\zhangfan\毕业设计实验程序\CUDA_MPC_3D_decisionQ_changeVcast\First_cuda_gp\kernel.cu" 
     1>c:\program files\nvidia gpu computing toolkit\cuda\v8.0\include\math_functions.h : warning C4819: 该文件包含不能在当前代码页(936)中表示的字符。请将该文件保存为 Unicode 格式以防止数据丢失
     1>c:\program files\nvidia gpu computing toolkit\cuda\v8.0\include\math_functions.h(849): warning C4819: 该文件包含不能在当前代码页(936)中表示的字符。请将该文件保存为 Unicode 格式以防止数据丢失
     1>c:\program files\nvidia gpu computing toolkit\cuda\v8.0\include\math_functions.h(1787): warning C4819: 该文件包含不能在当前代码页(936)中表示的字符。请将该文件保存为 Unicode 格式以防止数据丢失
     1>c:\program files\nvidia gpu computing toolkit\cuda\v8.0\include\math_functions.h(2637): warning C4819: 该文件包含不能在当前代码页(936)中表示的字符。请将该文件保存为 Unicode 格式以防止数据丢失
     1>c:\program files\nvidia gpu computing toolkit\cuda\v8.0\include\math_functions.h(3492): warning C4819: 该文件包含不能在当前代码页(936)中表示的字符。请将该文件保存为 Unicode 格式以防止数据丢失
     1>c:\program files\nvidia gpu computing toolkit\cuda\v8.0\include\math_functions.h(4431): warning C4819: 该文件包含不能在当前代码页(936)中表示的字符。请将该文件保存为 Unicode 格式以防止数据丢失
     1>c:\program files\nvidia gpu computing toolkit\cuda\v8.0\include\math_functions.h(5345): warning C4819: 该文件包含不能在当前代码页(936)中表示的字符。请将该文件保存为 Unicode 格式以防止数据丢失
     1>c:\program files\nvidia gpu computing toolkit\cuda\v8.0\include\math_functions.h(6252): warning C4819: 该文件包含不能在当前代码页(936)中表示的字符。请将该文件保存为 Unicode 格式以防止数据丢失
     1>c:\program files\nvidia gpu computing toolkit\cuda\v8.0\include\math_functions.h(7142): warning C4819: 该文件包含不能在当前代码页(936)中表示的字符。请将该文件保存为 Unicode 格式以防止数据丢失
     1>c:\program files\nvidia gpu computing toolkit\cuda\v8.0\include\math_functions.h(7956): warning C4819: 该文件包含不能在当前代码页(936)中表示的字符。请将该文件保存为 Unicode 格式以防止数据丢失
     1>c:\program files\nvidia gpu computing toolkit\cuda\v8.0\include\device_functions.h : warning C4819: 该文件包含不能在当前代码页(936)中表示的字符。请将该文件保存为 Unicode 格式以防止数据丢失
     1>c:\program files\nvidia gpu computing toolkit\cuda\v8.0\include\device_functions.h(774): warning C4819: 该文件包含不能在当前代码页(936)中表示的字符。请将该文件保存为 Unicode 格式以防止数据丢失
     1>c:\program files\nvidia gpu computing toolkit\cuda\v8.0\include\device_functions.h(1618): warning C4819: 该文件包含不能在当前代码页(936)中表示的字符。请将该文件保存为 Unicode 格式以防止数据丢失
     1>c:\program files\nvidia gpu computing toolkit\cuda\v8.0\include\device_double_functions.h : warning C4819: 该文件包含不能在当前代码页(936)中表示的字符。请将该文件保存为 Unicode 格式以防止数据丢失
     1>c:\program files\nvidia gpu computing toolkit\cuda\v8.0\include\sm_20_intrinsics.h : warning C4819: 该文件包含不能在当前代码页(936)中表示的字符。请将该文件保存为 Unicode 格式以防止数据丢失
     1>c:\program files\nvidia gpu computing toolkit\cuda\v8.0\include\sm_20_intrinsics.h(943): warning C4819: 该文件包含不能在当前代码页(936)中表示的字符。请将该文件保存为 Unicode 格式以防止数据丢失
     1>C:/Users/compute/Desktop/zhangfan/毕业设计实验程序/CUDA_MPC_3D_decisionQ_changeVcast/First_cuda_gp/kernel.cu(658): warning : variable "partionQ" was set but never used
     1>C:/Users/compute/Desktop/zhangfan/毕业设计实验程序/CUDA_MPC_3D_decisionQ_changeVcast/First_cuda_gp/kernel.cu(660): warning : variable "dQ" was declared but never referenced
     1>C:/Users/compute/Desktop/zhangfan/毕业设计实验程序/CUDA_MPC_3D_decisionQ_changeVcast/First_cuda_gp/kernel.cu(662): warning : variable "PrintLabel" was declared but never referenced
     1>C:/Users/compute/Desktop/zhangfan/毕业设计实验程序/CUDA_MPC_3D_decisionQ_changeVcast/First_cuda_gp/kernel.cu(1433): warning : variable "i" was declared but never referenced
     1>c:\program files\nvidia gpu computing toolkit\cuda\v8.0\include\math_functions.h : warning C4819: 该文件包含不能在当前代码页(936)中表示的字符。请将该文件保存为 Unicode 格式以防止数据丢失
     1>c:\program files\nvidia gpu computing toolkit\cuda\v8.0\include\math_functions.h(849): warning C4819: 该文件包含不能在当前代码页(936)中表示的字符。请将该文件保存为 Unicode 格式以防止数据丢失
     1>c:\program files\nvidia gpu computing toolkit\cuda\v8.0\include\math_functions.h(1787): warning C4819: 该文件包含不能在当前代码页(936)中表示的字符。请将该文件保存为 Unicode 格式以防止数据丢失
     1>c:\program files\nvidia gpu computing toolkit\cuda\v8.0\include\math_functions.h(2637): warning C4819: 该文件包含不能在当前代码页(936)中表示的字符。请将该文件保存为 Unicode 格式以防止数据丢失
     1>c:\program files\nvidia gpu computing toolkit\cuda\v8.0\include\math_functions.h(3492): warning C4819: 该文件包含不能在当前代码页(936)中表示的字符。请将该文件保存为 Unicode 格式以防止数据丢失
     1>c:\program files\nvidia gpu computing toolkit\cuda\v8.0\include\math_functions.h(4431): warning C4819: 该文件包含不能在当前代码页(936)中表示的字符。请将该文件保存为 Unicode 格式以防止数据丢失
     1>c:\program files\nvidia gpu computing toolkit\cuda\v8.0\include\math_functions.h(5345): warning C4819: 该文件包含不能在当前代码页(936)中表示的字符。请将该文件保存为 Unicode 格式以防止数据丢失
     1>c:\program files\nvidia gpu computing toolkit\cuda\v8.0\include\math_functions.h(6252): warning C4819: 该文件包含不能在当前代码页(936)中表示的字符。请将该文件保存为 Unicode 格式以防止数据丢失
     1>c:\program files\nvidia gpu computing toolkit\cuda\v8.0\include\math_functions.h(7142): warning C4819: 该文件包含不能在当前代码页(936)中表示的字符。请将该文件保存为 Unicode 格式以防止数据丢失
     1>c:\program files\nvidia gpu computing toolkit\cuda\v8.0\include\math_functions.h(7956): warning C4819: 该文件包含不能在当前代码页(936)中表示的字符。请将该文件保存为 Unicode 格式以防止数据丢失
     1>c:\program files\nvidia gpu computing toolkit\cuda\v8.0\include\device_functions.h : warning C4819: 该文件包含不能在当前代码页(936)中表示的字符。请将该文件保存为 Unicode 格式以防止数据丢失
     1>c:\program files\nvidia gpu computing toolkit\cuda\v8.0\include\device_functions.h(774): warning C4819: 该文件包含不能在当前代码页(936)中表示的字符。请将该文件保存为 Unicode 格式以防止数据丢失
     1>c:\program files\nvidia gpu computing toolkit\cuda\v8.0\include\device_functions.h(1618): warning C4819: 该文件包含不能在当前代码页(936)中表示的字符。请将该文件保存为 Unicode 格式以防止数据丢失
     1>c:\program files\nvidia gpu computing toolkit\cuda\v8.0\include\device_double_functions.h : warning C4819: 该文件包含不能在当前代码页(936)中表示的字符。请将该文件保存为 Unicode 格式以防止数据丢失
     1>c:\program files\nvidia gpu computing toolkit\cuda\v8.0\include\sm_20_intrinsics.h : warning C4819: 该文件包含不能在当前代码页(936)中表示的字符。请将该文件保存为 Unicode 格式以防止数据丢失
     1>c:\program files\nvidia gpu computing toolkit\cuda\v8.0\include\sm_20_intrinsics.h(943): warning C4819: 该文件包含不能在当前代码页(936)中表示的字符。请将该文件保存为 Unicode 格式以防止数据丢失
     1>C:/Users/compute/Desktop/zhangfan/毕业设计实验程序/CUDA_MPC_3D_decisionQ_changeVcast/First_cuda_gp/kernel.cu(658): warning : variable "partionQ" was set but never used
     1>C:/Users/compute/Desktop/zhangfan/毕业设计实验程序/CUDA_MPC_3D_decisionQ_changeVcast/First_cuda_gp/kernel.cu(660): warning : variable "dQ" was declared but never referenced
     1>C:/Users/compute/Desktop/zhangfan/毕业设计实验程序/CUDA_MPC_3D_decisionQ_changeVcast/First_cuda_gp/kernel.cu(662): warning : variable "PrintLabel" was declared but never referenced
     1>C:/Users/compute/Desktop/zhangfan/毕业设计实验程序/CUDA_MPC_3D_decisionQ_changeVcast/First_cuda_gp/kernel.cu(1433): warning : variable "i" was declared but never referenced
     1>c:\program files\nvidia gpu computing toolkit\cuda\v8.0\include\math_functions.h : warning C4819: 该文件包含不能在当前代码页(936)中表示的字符。请将该文件保存为 Unicode 格式以防止数据丢失
     1>c:\program files\nvidia gpu computing toolkit\cuda\v8.0\include\math_functions.h(849): warning C4819: 该文件包含不能在当前代码页(936)中表示的字符。请将该文件保存为 Unicode 格式以防止数据丢失
     1>c:\program files\nvidia gpu computing toolkit\cuda\v8.0\include\math_functions.h(1787): warning C4819: 该文件包含不能在当前代码页(936)中表示的字符。请将该文件保存为 Unicode 格式以防止数据丢失
     1>c:\program files\nvidia gpu computing toolkit\cuda\v8.0\include\math_functions.h(2637): warning C4819: 该文件包含不能在当前代码页(936)中表示的字符。请将该文件保存为 Unicode 格式以防止数据丢失
     1>c:\program files\nvidia gpu computing toolkit\cuda\v8.0\include\math_functions.h(3492): warning C4819: 该文件包含不能在当前代码页(936)中表示的字符。请将该文件保存为 Unicode 格式以防止数据丢失
     1>c:\program files\nvidia gpu computing toolkit\cuda\v8.0\include\math_functions.h(4431): warning C4819: 该文件包含不能在当前代码页(936)中表示的字符。请将该文件保存为 Unicode 格式以防止数据丢失
     1>c:\program files\nvidia gpu computing toolkit\cuda\v8.0\include\math_functions.h(5345): warning C4819: 该文件包含不能在当前代码页(936)中表示的字符。请将该文件保存为 Unicode 格式以防止数据丢失
     1>c:\program files\nvidia gpu computing toolkit\cuda\v8.0\include\math_functions.h(6252): warning C4819: 该文件包含不能在当前代码页(936)中表示的字符。请将该文件保存为 Unicode 格式以防止数据丢失
     1>c:\program files\nvidia gpu computing toolkit\cuda\v8.0\include\math_functions.h(7142): warning C4819: 该文件包含不能在当前代码页(936)中表示的字符。请将该文件保存为 Unicode 格式以防止数据丢失
     1>c:\program files\nvidia gpu computing toolkit\cuda\v8.0\include\math_functions.h(7956): warning C4819: 该文件包含不能在当前代码页(936)中表示的字符。请将该文件保存为 Unicode 格式以防止数据丢失
     1>c:\program files\nvidia gpu computing toolkit\cuda\v8.0\include\math_functions.h : warning C4819: 该文件包含不能在当前代码页(936)中表示的字符。请将该文件保存为 Unicode 格式以防止数据丢失
     1>c:\program files\nvidia gpu computing toolkit\cuda\v8.0\include\math_functions.h(849): warning C4819: 该文件包含不能在当前代码页(936)中表示的字符。请将该文件保存为 Unicode 格式以防止数据丢失
     1>c:\program files\nvidia gpu computing toolkit\cuda\v8.0\include\math_functions.h(1787): warning C4819: 该文件包含不能在当前代码页(936)中表示的字符。请将该文件保存为 Unicode 格式以防止数据丢失
     1>c:\program files\nvidia gpu computing toolkit\cuda\v8.0\include\math_functions.h(2637): warning C4819: 该文件包含不能在当前代码页(936)中表示的字符。请将该文件保存为 Unicode 格式以防止数据丢失
     1>c:\program files\nvidia gpu computing toolkit\cuda\v8.0\include\math_functions.h(3492): warning C4819: 该文件包含不能在当前代码页(936)中表示的字符。请将该文件保存为 Unicode 格式以防止数据丢失
     1>c:\program files\nvidia gpu computing toolkit\cuda\v8.0\include\math_functions.h(4431): warning C4819: 该文件包含不能在当前代码页(936)中表示的字符。请将该文件保存为 Unicode 格式以防止数据丢失
     1>c:\program files\nvidia gpu computing toolkit\cuda\v8.0\include\math_functions.h(5345): warning C4819: 该文件包含不能在当前代码页(936)中表示的字符。请将该文件保存为 Unicode 格式以防止数据丢失
     1>c:\program files\nvidia gpu computing toolkit\cuda\v8.0\include\math_functions.h(6252): warning C4819: 该文件包含不能在当前代码页(936)中表示的字符。请将该文件保存为 Unicode 格式以防止数据丢失
     1>c:\program files\nvidia gpu computing toolkit\cuda\v8.0\include\math_functions.h(7142): warning C4819: 该文件包含不能在当前代码页(936)中表示的字符。请将该文件保存为 Unicode 格式以防止数据丢失
     1>c:\program files\nvidia gpu computing toolkit\cuda\v8.0\include\math_functions.h(7956): warning C4819: 该文件包含不能在当前代码页(936)中表示的字符。请将该文件保存为 Unicode 格式以防止数据丢失
     1>c:\program files\nvidia gpu computing toolkit\cuda\v8.0\include\device_functions_decls.h : warning C4819: 该文件包含不能在当前代码页(936)中表示的字符。请将该文件保存为 Unicode 格式以防止数据丢失
     1>c:\program files\nvidia gpu computing toolkit\cuda\v8.0\include\device_functions_decls.h(910): warning C4819: 该文件包含不能在当前代码页(936)中表示的字符。请将该文件保存为 Unicode 格式以防止数据丢失
     1>c:\program files\nvidia gpu computing toolkit\cuda\v8.0\include\device_functions_decls.h(1903): warning C4819: 该文件包含不能在当前代码页(936)中表示的字符。请将该文件保存为 Unicode 格式以防止数据丢失
     1>c:\program files\nvidia gpu computing toolkit\cuda\v8.0\include\device_functions_decls.h(2843): warning C4819: 该文件包含不能在当前代码页(936)中表示的字符。请将该文件保存为 Unicode 格式以防止数据丢失
     1>c:\program files\nvidia gpu computing toolkit\cuda\v8.0\include\device_functions_decls.h(3779): warning C4819: 该文件包含不能在当前代码页(936)中表示的字符。请将该文件保存为 Unicode 格式以防止数据丢失
     1>c:\program files\nvidia gpu computing toolkit\cuda\v8.0\include\device_functions_decls.h(4721): warning C4819: 该文件包含不能在当前代码页(936)中表示的字符。请将该文件保存为 Unicode 格式以防止数据丢失
     1>c:\program files\nvidia gpu computing toolkit\cuda\v8.0\include\device_functions_decls.h(5723): warning C4819: 该文件包含不能在当前代码页(936)中表示的字符。请将该文件保存为 Unicode 格式以防止数据丢失
     1>c:\program files\nvidia gpu computing toolkit\cuda\v8.0\include\device_functions_decls.h(6682): warning C4819: 该文件包含不能在当前代码页(936)中表示的字符。请将该文件保存为 Unicode 格式以防止数据丢失
     1>c:\program files\nvidia gpu computing toolkit\cuda\v8.0\include\device_functions_decls.h(7610): warning C4819: 该文件包含不能在当前代码页(936)中表示的字符。请将该文件保存为 Unicode 格式以防止数据丢失
     1>c:\program files\nvidia gpu computing toolkit\cuda\v8.0\include\device_functions_decls.h(8543): warning C4819: 该文件包含不能在当前代码页(936)中表示的字符。请将该文件保存为 Unicode 格式以防止数据丢失
     1>c:\program files\nvidia gpu computing toolkit\cuda\v8.0\include\device_functions_decls.h(9413): warning C4819: 该文件包含不能在当前代码页(936)中表示的字符。请将该文件保存为 Unicode 格式以防止数据丢失
     1>c:\program files\nvidia gpu computing toolkit\cuda\v8.0\include\device_functions_decls.h(10391): warning C4819: 该文件包含不能在当前代码页(936)中表示的字符。请将该文件保存为 Unicode 格式以防止数据丢失
     1>c:\program files\nvidia gpu computing toolkit\cuda\v8.0\include\device_functions_decls.h(11435): warning C4819: 该文件包含不能在当前代码页(936)中表示的字符。请将该文件保存为 Unicode 格式以防止数据丢失
     1>c:\program files\nvidia gpu computing toolkit\cuda\v8.0\include\device_functions.h : warning C4819: 该文件包含不能在当前代码页(936)中表示的字符。请将该文件保存为 Unicode 格式以防止数据丢失
     1>c:\program files\nvidia gpu computing toolkit\cuda\v8.0\include\device_functions.h(774): warning C4819: 该文件包含不能在当前代码页(936)中表示的字符。请将该文件保存为 Unicode 格式以防止数据丢失
     1>c:\program files\nvidia gpu computing toolkit\cuda\v8.0\include\device_functions.h(1618): warning C4819: 该文件包含不能在当前代码页(936)中表示的字符。请将该文件保存为 Unicode 格式以防止数据丢失
     1>c:\program files\nvidia gpu computing toolkit\cuda\v8.0\include\device_double_functions.h : warning C4819: 该文件包含不能在当前代码页(936)中表示的字符。请将该文件保存为 Unicode 格式以防止数据丢失
     1>c:\program files\nvidia gpu computing toolkit\cuda\v8.0\include\sm_20_intrinsics.h : warning C4819: 该文件包含不能在当前代码页(936)中表示的字符。请将该文件保存为 Unicode 格式以防止数据丢失
     1>c:\program files\nvidia gpu computing toolkit\cuda\v8.0\include\sm_20_intrinsics.h(943): warning C4819: 该文件包含不能在当前代码页(936)中表示的字符。请将该文件保存为 Unicode 格式以防止数据丢失
     1>c:\program files\nvidia gpu computing toolkit\cuda\v8.0\include\device_functions_decls.h : warning C4819: 该文件包含不能在当前代码页(936)中表示的字符。请将该文件保存为 Unicode 格式以防止数据丢失
     1>c:\program files\nvidia gpu computing toolkit\cuda\v8.0\include\device_functions_decls.h(910): warning C4819: 该文件包含不能在当前代码页(936)中表示的字符。请将该文件保存为 Unicode 格式以防止数据丢失
     1>c:\program files\nvidia gpu computing toolkit\cuda\v8.0\include\device_functions_decls.h(1903): warning C4819: 该文件包含不能在当前代码页(936)中表示的字符。请将该文件保存为 Unicode 格式以防止数据丢失
     1>c:\program files\nvidia gpu computing toolkit\cuda\v8.0\include\device_functions_decls.h(2843): warning C4819: 该文件包含不能在当前代码页(936)中表示的字符。请将该文件保存为 Unicode 格式以防止数据丢失
     1>c:\program files\nvidia gpu computing toolkit\cuda\v8.0\include\device_functions_decls.h(3779): warning C4819: 该文件包含不能在当前代码页(936)中表示的字符。请将该文件保存为 Unicode 格式以防止数据丢失
     1>c:\program files\nvidia gpu computing toolkit\cuda\v8.0\include\device_functions_decls.h(4721): warning C4819: 该文件包含不能在当前代码页(936)中表示的字符。请将该文件保存为 Unicode 格式以防止数据丢失
     1>c:\program files\nvidia gpu computing toolkit\cuda\v8.0\include\device_functions_decls.h(5723): warning C4819: 该文件包含不能在当前代码页(936)中表示的字符。请将该文件保存为 Unicode 格式以防止数据丢失
     1>c:\program files\nvidia gpu computing toolkit\cuda\v8.0\include\device_functions_decls.h(6682): warning C4819: 该文件包含不能在当前代码页(936)中表示的字符。请将该文件保存为 Unicode 格式以防止数据丢失
     1>c:\program files\nvidia gpu computing toolkit\cuda\v8.0\include\device_functions_decls.h(7610): warning C4819: 该文件包含不能在当前代码页(936)中表示的字符。请将该文件保存为 Unicode 格式以防止数据丢失
     1>c:\program files\nvidia gpu computing toolkit\cuda\v8.0\include\device_functions_decls.h(8543): warning C4819: 该文件包含不能在当前代码页(936)中表示的字符。请将该文件保存为 Unicode 格式以防止数据丢失
     1>c:\program files\nvidia gpu computing toolkit\cuda\v8.0\include\device_functions_decls.h(9413): warning C4819: 该文件包含不能在当前代码页(936)中表示的字符。请将该文件保存为 Unicode 格式以防止数据丢失
     1>c:\program files\nvidia gpu computing toolkit\cuda\v8.0\include\device_functions_decls.h(10391): warning C4819: 该文件包含不能在当前代码页(936)中表示的字符。请将该文件保存为 Unicode 格式以防止数据丢失
     1>c:\program files\nvidia gpu computing toolkit\cuda\v8.0\include\device_functions_decls.h(11435): warning C4819: 该文件包含不能在当前代码页(936)中表示的字符。请将该文件保存为 Unicode 格式以防止数据丢失
     1>c:\program files\nvidia gpu computing toolkit\cuda\v8.0\include\device_functions.h : warning C4819: 该文件包含不能在当前代码页(936)中表示的字符。请将该文件保存为 Unicode 格式以防止数据丢失
     1>c:\program files\nvidia gpu computing toolkit\cuda\v8.0\include\device_functions.h(774): warning C4819: 该文件包含不能在当前代码页(936)中表示的字符。请将该文件保存为 Unicode 格式以防止数据丢失
     1>c:\program files\nvidia gpu computing toolkit\cuda\v8.0\include\device_functions.h(1618): warning C4819: 该文件包含不能在当前代码页(936)中表示的字符。请将该文件保存为 Unicode 格式以防止数据丢失
     1>c:\program files\nvidia gpu computing toolkit\cuda\v8.0\include\math_functions.h : warning C4819: 该文件包含不能在当前代码页(936)中表示的字符。请将该文件保存为 Unicode 格式以防止数据丢失
     1>c:\program files\nvidia gpu computing toolkit\cuda\v8.0\include\math_functions.h(849): warning C4819: 该文件包含不能在当前代码页(936)中表示的字符。请将该文件保存为 Unicode 格式以防止数据丢失
     1>c:\program files\nvidia gpu computing toolkit\cuda\v8.0\include\math_functions.h(1787): warning C4819: 该文件包含不能在当前代码页(936)中表示的字符。请将该文件保存为 Unicode 格式以防止数据丢失
     1>c:\program files\nvidia gpu computing toolkit\cuda\v8.0\include\math_functions.h(2637): warning C4819: 该文件包含不能在当前代码页(936)中表示的字符。请将该文件保存为 Unicode 格式以防止数据丢失
     1>c:\program files\nvidia gpu computing toolkit\cuda\v8.0\include\math_functions.h(3492): warning C4819: 该文件包含不能在当前代码页(936)中表示的字符。请将该文件保存为 Unicode 格式以防止数据丢失
     1>c:\program files\nvidia gpu computing toolkit\cuda\v8.0\include\math_functions.h(4431): warning C4819: 该文件包含不能在当前代码页(936)中表示的字符。请将该文件保存为 Unicode 格式以防止数据丢失
     1>c:\program files\nvidia gpu computing toolkit\cuda\v8.0\include\math_functions.h(5345): warning C4819: 该文件包含不能在当前代码页(936)中表示的字符。请将该文件保存为 Unicode 格式以防止数据丢失
     1>c:\program files\nvidia gpu computing toolkit\cuda\v8.0\include\math_functions.h(6252): warning C4819: 该文件包含不能在当前代码页(936)中表示的字符。请将该文件保存为 Unicode 格式以防止数据丢失
     1>c:\program files\nvidia gpu computing toolkit\cuda\v8.0\include\math_functions.h(7142): warning C4819: 该文件包含不能在当前代码页(936)中表示的字符。请将该文件保存为 Unicode 格式以防止数据丢失
     1>c:\program files\nvidia gpu computing toolkit\cuda\v8.0\include\math_functions.h(7956): warning C4819: 该文件包含不能在当前代码页(936)中表示的字符。请将该文件保存为 Unicode 格式以防止数据丢失
     1>CUDACOMPILE : nvcc warning : The 'compute_20', 'sm_20', and 'sm_21' architectures are deprecated, and may be removed in a future release (Use -Wno-deprecated-gpu-targets to suppress warning).
         kernel.cu
     1>C:/Users/compute/Desktop/zhangfan/毕业设计实验程序/CUDA_MPC_3D_decisionQ_changeVcast/First_cuda_gp/kernel.cu(22): warning C4838: 从“double”转换到“float”需要收缩转换
     1>C:/Users/compute/Desktop/zhangfan/毕业设计实验程序/CUDA_MPC_3D_decisionQ_changeVcast/First_cuda_gp/kernel.cu(22): warning C4305: “初始化”: 从“double”到“float”截断
     1>C:/Users/compute/Desktop/zhangfan/毕业设计实验程序/CUDA_MPC_3D_decisionQ_changeVcast/First_cuda_gp/kernel.cu(23): warning C4838: 从“double”转换到“float”需要收缩转换
     1>C:/Users/compute/Desktop/zhangfan/毕业设计实验程序/CUDA_MPC_3D_decisionQ_changeVcast/First_cuda_gp/kernel.cu(23): warning C4305: “初始化”: 从“double”到“float”截断
     1>C:/Users/compute/Desktop/zhangfan/毕业设计实验程序/CUDA_MPC_3D_decisionQ_changeVcast/First_cuda_gp/kernel.cu(30): warning C4838: 从“double”转换到“float”需要收缩转换
     1>C:/Users/compute/Desktop/zhangfan/毕业设计实验程序/CUDA_MPC_3D_decisionQ_changeVcast/First_cuda_gp/kernel.cu(30): warning C4305: “初始化”: 从“double”到“float”截断
     1>C:/Users/compute/Desktop/zhangfan/毕业设计实验程序/CUDA_MPC_3D_decisionQ_changeVcast/First_cuda_gp/kernel.cu(31): warning C4838: 从“double”转换到“float”需要收缩转换
     1>C:/Users/compute/Desktop/zhangfan/毕业设计实验程序/CUDA_MPC_3D_decisionQ_changeVcast/First_cuda_gp/kernel.cu(31): warning C4305: “初始化”: 从“double”到“float”截断
     1>C:/Users/compute/Desktop/zhangfan/毕业设计实验程序/CUDA_MPC_3D_decisionQ_changeVcast/First_cuda_gp/kernel.cu(553): warning C4305: “初始化”: 从“double”到“float”截断
     1>C:/Users/compute/Desktop/zhangfan/毕业设计实验程序/CUDA_MPC_3D_decisionQ_changeVcast/First_cuda_gp/kernel.cu(660): warning C4305: “初始化”: 从“double”到“float”截断
     1>C:/Users/compute/Desktop/zhangfan/毕业设计实验程序/CUDA_MPC_3D_decisionQ_changeVcast/First_cuda_gp/kernel.cu(661): warning C4305: “初始化”: 从“double”到“float”截断
     1>C:/Users/compute/Desktop/zhangfan/毕业设计实验程序/CUDA_MPC_3D_decisionQ_changeVcast/First_cuda_gp/kernel.cu(668): warning C4305: “初始化”: 从“double”到“float”截断
     1>C:/Users/compute/Desktop/zhangfan/毕业设计实验程序/CUDA_MPC_3D_decisionQ_changeVcast/First_cuda_gp/kernel.cu(739): warning C4305: “=”: 从“double”到“float”截断
     1>C:/Users/compute/Desktop/zhangfan/毕业设计实验程序/CUDA_MPC_3D_decisionQ_changeVcast/First_cuda_gp/kernel.cu(761): warning C4244: “参数”: 从“double”转换到“float”，可能丢失数据
     1>C:/Users/compute/Desktop/zhangfan/毕业设计实验程序/CUDA_MPC_3D_decisionQ_changeVcast/First_cuda_gp/kernel.cu(763): warning C4244: “参数”: 从“int”转换到“float”，可能丢失数据
     1>C:/Users/compute/Desktop/zhangfan/毕业设计实验程序/CUDA_MPC_3D_decisionQ_changeVcast/First_cuda_gp/kernel.cu(803): warning C4244: “参数”: 从“double”转换到“float”，可能丢失数据
     1>C:/Users/compute/Desktop/zhangfan/毕业设计实验程序/CUDA_MPC_3D_decisionQ_changeVcast/First_cuda_gp/kernel.cu(805): warning C4244: “参数”: 从“int”转换到“float”，可能丢失数据
     1>C:/Users/compute/Desktop/zhangfan/毕业设计实验程序/CUDA_MPC_3D_decisionQ_changeVcast/First_cuda_gp/kernel.cu(963): warning C4244: “=”: 从“double”转换到“float”，可能丢失数据
     1>C:/Users/compute/Desktop/zhangfan/毕业设计实验程序/CUDA_MPC_3D_decisionQ_changeVcast/First_cuda_gp/kernel.cu(1467): warning C4244: “=”: 从“double”转换到“float”，可能丢失数据
     1>C:/Users/compute/Desktop/zhangfan/毕业设计实验程序/CUDA_MPC_3D_decisionQ_changeVcast/First_cuda_gp/kernel.cu(1469): warning C4244: “=”: 从“double”转换到“float”，可能丢失数据
     1>C:/Users/compute/Desktop/zhangfan/毕业设计实验程序/CUDA_MPC_3D_decisionQ_changeVcast/First_cuda_gp/kernel.cu(1494): warning C4838: 从“double”转换到“float”需要收缩转换
     1>C:/Users/compute/Desktop/zhangfan/毕业设计实验程序/CUDA_MPC_3D_decisionQ_changeVcast/First_cuda_gp/kernel.cu(1494): warning C4305: “初始化”: 从“double”到“float”截断
     1>C:/Users/compute/Desktop/zhangfan/毕业设计实验程序/CUDA_MPC_3D_decisionQ_changeVcast/First_cuda_gp/kernel.cu(1495): warning C4838: 从“double”转换到“float”需要收缩转换
     1>C:/Users/compute/Desktop/zhangfan/毕业设计实验程序/CUDA_MPC_3D_decisionQ_changeVcast/First_cuda_gp/kernel.cu(1495): warning C4305: “初始化”: 从“double”到“float”截断
     1>C:/Users/compute/Desktop/zhangfan/毕业设计实验程序/CUDA_MPC_3D_decisionQ_changeVcast/First_cuda_gp/kernel.cu(1496): warning C4838: 从“double”转换到“float”需要收缩转换
     1>C:/Users/compute/Desktop/zhangfan/毕业设计实验程序/CUDA_MPC_3D_decisionQ_changeVcast/First_cuda_gp/kernel.cu(1496): warning C4305: “初始化”: 从“double”到“float”截断
     1>C:/Users/compute/Desktop/zhangfan/毕业设计实验程序/CUDA_MPC_3D_decisionQ_changeVcast/First_cuda_gp/kernel.cu(1497): warning C4838: 从“double”转换到“float”需要收缩转换
     1>C:/Users/compute/Desktop/zhangfan/毕业设计实验程序/CUDA_MPC_3D_decisionQ_changeVcast/First_cuda_gp/kernel.cu(1497): warning C4305: “初始化”: 从“double”到“float”截断
     1>C:/Users/compute/Desktop/zhangfan/毕业设计实验程序/CUDA_MPC_3D_decisionQ_changeVcast/First_cuda_gp/kernel.cu(1498): warning C4838: 从“double”转换到“float”需要收缩转换
     1>C:/Users/compute/Desktop/zhangfan/毕业设计实验程序/CUDA_MPC_3D_decisionQ_changeVcast/First_cuda_gp/kernel.cu(1498): warning C4305: “初始化”: 从“double”到“float”截断
     1>C:/Users/compute/Desktop/zhangfan/毕业设计实验程序/CUDA_MPC_3D_decisionQ_changeVcast/First_cuda_gp/kernel.cu(1499): warning C4838: 从“double”转换到“float”需要收缩转换
     1>C:/Users/compute/Desktop/zhangfan/毕业设计实验程序/CUDA_MPC_3D_decisionQ_changeVcast/First_cuda_gp/kernel.cu(1499): warning C4305: “初始化”: 从“double”到“float”截断
     1>已完成生成项目“C:\Users\compute\Desktop\zhangfan\毕业设计实验程序\CUDA_MPC_3D_decisionQ_changeVcast\First_cuda_gp\First_cuda_gp.vcxproj”(CudaBuildCore 个目标)的操作。
     1>Link:
         C:\Program Files (x86)\Microsoft Visual Studio 14.0\VC\bin\link.exe /ERRORREPORT:PROMPT /OUT:"C:\Users\compute\Desktop\zhangfan\毕业设计实验程序\CUDA_MPC_3D_decisionQ_changeVcast\Release\Cuda_GPU_Solver3DContinuousCasting.exe" /NOLOGO /LIBPATH:"C:\Program Files\NVIDIA GPU Computing Toolkit\CUDA\v8.0\lib\Win32" cudart.lib kernel32.lib user32.lib gdi32.lib winspool.lib comdlg32.lib advapi32.lib shell32.lib ole32.lib oleaut32.lib uuid.lib odbc32.lib odbccp32.lib kernel32.lib user32.lib gdi32.lib winspool.lib comdlg32.lib advapi32.lib shell32.lib ole32.lib oleaut32.lib uuid.lib odbc32.lib odbccp32.lib /MANIFEST /MANIFESTUAC:"level='asInvoker' uiAccess='false'" /manifest:embed /Debug /PDB:"C:\Users\compute\Desktop\zhangfan\毕业设计实验程序\CUDA_MPC_3D_decisionQ_changeVcast\Release\Cuda_GPU_Solver3DContinuousCasting.pdb" /SUBSYSTEM:CONSOLE /OPT:REF /OPT:ICF /LTCG:incremental /TLBID:1 /DYNAMICBASE /NXCOMPAT /IMPLIB:"C:\Users\compute\Desktop\zhangfan\毕业设计实验程序\CUDA_MPC_3D_decisionQ_changeVcast\Release\Cuda_GPU_Solver3DContinuousCasting.lib" /MACHINE:X86 /SAFESEH Release\kernel.cu.obj
         LINK : 已指定 /LTCG，但不需要生成代码；从链接命令行中移除 /LTCG 以提高链接器性能
         First_cuda_gp.vcxproj -> C:\Users\compute\Desktop\zhangfan\毕业设计实验程序\CUDA_MPC_3D_decisionQ_changeVcast\Release\Cuda_GPU_Solver3DContinuousCasting.exe
       PostBuildEvent:
         echo copy "C:\Program Files\NVIDIA GPU Computing Toolkit\CUDA\v8.0\bin\cudart*.dll" "C:\Users\compute\Desktop\zhangfan\毕业设计实验程序\CUDA_MPC_3D_decisionQ_changeVcast\Release\"
         copy "C:\Program Files\NVIDIA GPU Computing Toolkit\CUDA\v8.0\bin\cudart*.dll" "C:\Users\compute\Desktop\zhangfan\毕业设计实验程序\CUDA_MPC_3D_decisionQ_changeVcast\Release\"
         :VCEnd
         copy "C:\Program Files\NVIDIA GPU Computing Toolkit\CUDA\v8.0\bin\cudart*.dll" "C:\Users\compute\Desktop\zhangfan\毕业设计实验程序\CUDA_MPC_3D_decisionQ_changeVcast\Release\"
         C:\Program Files\NVIDIA GPU Computing Toolkit\CUDA\v8.0\bin\cudart32_80.dll
         C:\Program Files\NVIDIA GPU Computing Toolkit\CUDA\v8.0\bin\cudart64_80.dll
         已复制         2 个文件。
     1>已完成生成项目“C:\Users\compute\Desktop\zhangfan\毕业设计实验程序\CUDA_MPC_3D_decisionQ_changeVcast\First_cuda_gp\First_cuda_gp.vcxproj”(Build 个目标)的操作。

已成功生成。

已用时间 00:00:11.63
